## Module report - date 2/3/2009-16:22:10
## Created by PcbNew version PCBnew (20080825c)
## Unit = inches, Angle = deg.
##

$BeginDESCRIPTION

$BOARD
unit INCH
upper_left_corner  4.362500  2.767400
lower_right_corner  7.852500  5.557600
$EndBOARD

$MODULE "X2"
reference "X2"
value "F09H"
footprint "con-subd-F09H"
attribut virtual
position  6.625000  5.100000
orientation  180.00
layer component
$SHAPE3D
Na "conn_DBxx/db9_female_pin90deg.wrl"
Sc 1.000000 1.000000 1.000000
Of 0.000000 0.000000 0.000000
Ro 0.000000 0.000000 0.000000
$EndSHAPE3D
$PAD "1"
position -0.216000  0.050000
size  0.070000  0.070000
drill  0.040000
shape_offset  0.000000  0.000000
orientation  0.00
Shape  Rect
Layer  all
$EndPAD
$PAD "2"
position -0.108000  0.050000
size  0.070000  0.070000
drill  0.040000
shape_offset  0.000000  0.000000
orientation  0.00
Shape  Rect
Layer  all
$EndPAD
$PAD "3"
position  0.000000  0.050000
size  0.070000  0.070000
drill  0.040000
shape_offset  0.000000  0.000000
orientation  0.00
Shape  Rect
Layer  all
$EndPAD
$PAD "4"
position  0.108000  0.050000
size  0.070000  0.070000
drill  0.040000
shape_offset  0.000000  0.000000
orientation  0.00
Shape  Rect
Layer  all
$EndPAD
$PAD "5"
position  0.216000  0.050000
size  0.070000  0.070000
drill  0.040000
shape_offset  0.000000  0.000000
orientation  0.00
Shape  Rect
Layer  all
$EndPAD
$PAD "6"
position -0.162000 -0.050000
size  0.070000  0.070000
drill  0.040000
shape_offset  0.000000  0.000000
orientation  0.00
Shape  Rect
Layer  all
$EndPAD
$PAD "7"
position -0.054000 -0.050000
size  0.070000  0.070000
drill  0.040000
shape_offset  0.000000  0.000000
orientation  0.00
Shape  Rect
Layer  all
$EndPAD
$PAD "8"
position  0.054000 -0.050000
size  0.070000  0.070000
drill  0.040000
shape_offset  0.000000  0.000000
orientation  0.00
Shape  Rect
Layer  all
$EndPAD
$PAD "9"
position  0.162000 -0.050000
size  0.070000  0.070000
drill  0.040000
shape_offset  0.000000  0.000000
orientation  0.00
Shape  Rect
Layer  all
$EndPAD
$EndMODULE  X

$MODULE "K1"
reference "K1"
value "Alim_pic"
footprint "connect-CLAMP-03"
attribut virtual
position  6.925000  2.975000
orientation  0.00
layer component
$SHAPE3D
Na "device/bornier_3.wrl"
Sc 1.000000 1.000000 1.000000
Of 0.000000 0.000000 0.000000
Ro 0.000000 0.000000 0.000000
$EndSHAPE3D
$PAD "1"
position -0.200000  0.000000
size  0.090000  0.180000
drill  0.050000
shape_offset  0.000000  0.000000
orientation  0.00
Shape  Circ
Layer  all
$EndPAD
$PAD "2"
position  0.000000  0.000000
size  0.090000  0.180000
drill  0.050000
shape_offset  0.000000  0.000000
orientation  0.00
Shape  Circ
Layer  all
$EndPAD
$PAD "3"
position  0.200000  0.000000
size  0.090000  0.180000
drill  0.050000
shape_offset  0.000000  0.000000
orientation  0.00
Shape  Circ
Layer  all
$EndPAD
$EndMODULE  K

$MODULE "K2"
reference "K2"
value "CONN_3"
footprint "connect-CLAMP-03"
attribut virtual
position  6.325000  2.975000
orientation  0.00
layer component
$SHAPE3D
Na "device/bornier_3.wrl"
Sc 1.000000 1.000000 1.000000
Of 0.000000 0.000000 0.000000
Ro 0.000000 0.000000 0.000000
$EndSHAPE3D
$PAD "1"
position -0.200000  0.000000
size  0.090000  0.180000
drill  0.050000
shape_offset  0.000000  0.000000
orientation  0.00
Shape  Circ
Layer  all
$EndPAD
$PAD "2"
position  0.000000  0.000000
size  0.090000  0.180000
drill  0.050000
shape_offset  0.000000  0.000000
orientation  0.00
Shape  Circ
Layer  all
$EndPAD
$PAD "3"
position  0.200000  0.000000
size  0.090000  0.180000
drill  0.050000
shape_offset  0.000000  0.000000
orientation  0.00
Shape  Circ
Layer  all
$EndPAD
$EndMODULE  K

$MODULE "P1"
reference "P1"
value "STEP"
footprint "connect-CLAMP-02"
attribut virtual
position  5.825000  2.975000
orientation  0.00
layer component
$SHAPE3D
Na "device/bornier_2.wrl"
Sc 1.000000 1.000000 1.000000
Of 0.000000 0.000000 0.000000
Ro 0.000000 0.000000 0.000000
$EndSHAPE3D
$PAD "1"
position -0.100000  0.000000
size  0.090000  0.180000
drill  0.050000
shape_offset  0.000000  0.000000
orientation  0.00
Shape  Circ
Layer  all
$EndPAD
$PAD "2"
position  0.100000  0.000000
size  0.090000  0.180000
drill  0.050000
shape_offset  0.000000  0.000000
orientation  0.00
Shape  Circ
Layer  all
$EndPAD
$EndMODULE  P

$MODULE "P2"
reference "P2"
value "DIR"
footprint "connect-CLAMP-02"
attribut virtual
position  5.425000  2.975000
orientation  0.00
layer component
$SHAPE3D
Na "device/bornier_2.wrl"
Sc 1.000000 1.000000 1.000000
Of 0.000000 0.000000 0.000000
Ro 0.000000 0.000000 0.000000
$EndSHAPE3D
$PAD "1"
position -0.100000  0.000000
size  0.090000  0.180000
drill  0.050000
shape_offset  0.000000  0.000000
orientation  0.00
Shape  Circ
Layer  all
$EndPAD
$PAD "2"
position  0.100000  0.000000
size  0.090000  0.180000
drill  0.050000
shape_offset  0.000000  0.000000
orientation  0.00
Shape  Circ
Layer  all
$EndPAD
$EndMODULE  P

$MODULE "P4"
reference "P4"
value "ENABLE"
footprint "P4"
attribut virtual
position  5.025000  2.975000
orientation  0.00
layer component
$SHAPE3D
Na "device/bornier_2.wrl"
Sc 1.000000 1.000000 1.000000
Of 0.000000 0.000000 0.000000
Ro 0.000000 0.000000 0.000000
$EndSHAPE3D
$PAD "1"
position -0.100000  0.000000
size  0.090000  0.180000
drill  0.050000
shape_offset  0.000000  0.000000
orientation  0.00
Shape  Circ
Layer  all
$EndPAD
$PAD "2"
position  0.100000  0.000000
size  0.090000  0.180000
drill  0.050000
shape_offset  0.000000  0.000000
orientation  0.00
Shape  Circ
Layer  all
$EndPAD
$EndMODULE  P

$MODULE "U6"
reference "U6"
value "LM358"
footprint "8DIP-ELL300"
attribut none
position  4.675000  4.300000
orientation  0.00
layer component
$SHAPE3D
Na "dil/dil_8.wrl"
Sc 1.000000 1.000000 1.000000
Of 0.000000 0.000000 0.000000
Ro 0.000000 0.000000 0.000000
$EndSHAPE3D
$PAD "1"
position -0.150000  0.150000
size  0.062000  0.090000
drill  0.032000
shape_offset  0.000000  0.000000
orientation  0.00
Shape  Rect
Layer  all
$EndPAD
$PAD "2"
position -0.050000  0.150000
size  0.062000  0.090000
drill  0.032000
shape_offset  0.000000  0.000000
orientation  0.00
Shape  Oval
Layer  all
$EndPAD
$PAD "3"
position  0.050000  0.150000
size  0.062000  0.090000
drill  0.032000
shape_offset  0.000000  0.000000
orientation  0.00
Shape  Oval
Layer  all
$EndPAD
$PAD "4"
position  0.150000  0.150000
size  0.062000  0.090000
drill  0.032000
shape_offset  0.000000  0.000000
orientation  0.00
Shape  Oval
Layer  all
$EndPAD
$PAD "5"
position  0.150000 -0.150000
size  0.062000  0.090000
drill  0.032000
shape_offset  0.000000  0.000000
orientation  0.00
Shape  Oval
Layer  all
$EndPAD
$PAD "6"
position  0.050000 -0.150000
size  0.062000  0.090000
drill  0.032000
shape_offset  0.000000  0.000000
orientation  0.00
Shape  Oval
Layer  all
$EndPAD
$PAD "7"
position -0.050000 -0.150000
size  0.062000  0.090000
drill  0.032000
shape_offset  0.000000  0.000000
orientation  0.00
Shape  Oval
Layer  all
$EndPAD
$PAD "8"
position -0.150000 -0.150000
size  0.062000  0.090000
drill  0.032000
shape_offset  0.000000  0.000000
orientation  0.00
Shape  Oval
Layer  all
$EndPAD
$EndMODULE  U

$MODULE "D1"
reference "D1"
value "1N4007"
footprint "D4"
attribut none
position  6.630000  3.450000
orientation  270.00
layer component
$SHAPE3D
Na "discret/diode.wrl"
Sc 0.400000 0.400000 0.400000
Of 0.000000 0.000000 0.000000
Ro 0.000000 0.000000 0.000000
$EndSHAPE3D
$PAD "1"
position -0.200000  0.000000
size  0.070000  0.070000
drill  0.040000
shape_offset  0.000000  0.000000
orientation  0.00
Shape  Circ
Layer  all
$EndPAD
$PAD "2"
position  0.200000  0.000000
size  0.070000  0.070000
drill  0.040000
shape_offset  0.000000  0.000000
orientation  0.00
Shape  Rect
Layer  all
$EndPAD
$EndMODULE  D

$MODULE "D2"
reference "D2"
value "1N4007"
footprint "D4"
attribut none
position  6.240000  3.430000
orientation  90.00
layer component
$SHAPE3D
Na "discret/diode.wrl"
Sc 0.400000 0.400000 0.400000
Of 0.000000 0.000000 0.000000
Ro 0.000000 0.000000 0.000000
$EndSHAPE3D
$PAD "1"
position -0.200000  0.000000
size  0.070000  0.070000
drill  0.040000
shape_offset  0.000000  0.000000
orientation  0.00
Shape  Circ
Layer  all
$EndPAD
$PAD "2"
position  0.200000  0.000000
size  0.070000  0.070000
drill  0.040000
shape_offset  0.000000  0.000000
orientation  0.00
Shape  Rect
Layer  all
$EndPAD
$EndMODULE  D

$MODULE "P9"
reference "P9"
value "Jumper"
footprint "PIN_ARRAY_2X1"
attribut none
position  7.450000  4.825000
orientation  180.00
layer component
$SHAPE3D
Na "pin_array/pins_array_2x1.wrl"
Sc 1.000000 1.000000 1.000000
Of 0.000000 0.000000 0.000000
Ro 0.000000 0.000000 0.000000
$EndSHAPE3D
$PAD "1"
position -0.050000  0.000000
size  0.060000  0.060000
drill  0.040000
shape_offset  0.000000  0.000000
orientation  0.00
Shape  Rect
Layer  all
$EndPAD
$PAD "2"
position  0.050000  0.000000
size  0.060000  0.060000
drill  0.040000
shape_offset  0.000000  0.000000
orientation  0.00
Shape  Circ
Layer  all
$EndPAD
$EndMODULE  P

$MODULE "P7"
reference "P7"
value "Jumper"
footprint "PIN_ARRAY_2X1"
attribut none
position  7.450000  5.025000
orientation  180.00
layer component
$SHAPE3D
Na "pin_array/pins_array_2x1.wrl"
Sc 1.000000 1.000000 1.000000
Of 0.000000 0.000000 0.000000
Ro 0.000000 0.000000 0.000000
$EndSHAPE3D
$PAD "1"
position -0.050000  0.000000
size  0.060000  0.060000
drill  0.040000
shape_offset  0.000000  0.000000
orientation  0.00
Shape  Rect
Layer  all
$EndPAD
$PAD "2"
position  0.050000  0.000000
size  0.060000  0.060000
drill  0.040000
shape_offset  0.000000  0.000000
orientation  0.00
Shape  Circ
Layer  all
$EndPAD
$EndMODULE  P

$MODULE "P8"
reference "P8"
value "Jumper"
footprint "PIN_ARRAY_2X1"
attribut none
position  7.450000  4.925000
orientation  180.00
layer component
$SHAPE3D
Na "pin_array/pins_array_2x1.wrl"
Sc 1.000000 1.000000 1.000000
Of 0.000000 0.000000 0.000000
Ro 0.000000 0.000000 0.000000
$EndSHAPE3D
$PAD "1"
position -0.050000  0.000000
size  0.060000  0.060000
drill  0.040000
shape_offset  0.000000  0.000000
orientation  0.00
Shape  Rect
Layer  all
$EndPAD
$PAD "2"
position  0.050000  0.000000
size  0.060000  0.060000
drill  0.040000
shape_offset  0.000000  0.000000
orientation  0.00
Shape  Circ
Layer  all
$EndPAD
$EndMODULE  P

$MODULE "K3"
reference "K3"
value "FautlPol"
footprint "PIN_ARRAY_3X1"
attribut none
position  5.675000  4.650000
orientation  0.00
layer component
$SHAPE3D
Na "pin_array/pins_array_3x1.wrl"
Sc 1.000000 1.000000 1.000000
Of 0.000000 0.000000 0.000000
Ro 0.000000 0.000000 0.000000
$EndSHAPE3D
$PAD "1"
position -0.100000  0.000000
size  0.060000  0.060000
drill  0.040000
shape_offset  0.000000  0.000000
orientation  0.00
Shape  Rect
Layer  all
$EndPAD
$PAD "2"
position  0.000000  0.000000
size  0.060000  0.060000
drill  0.040000
shape_offset  0.000000  0.000000
orientation  0.00
Shape  Rect
Layer  all
$EndPAD
$PAD "3"
position  0.100000  0.000000
size  0.060000  0.060000
drill  0.040000
shape_offset  0.000000  0.000000
orientation  0.00
Shape  Rect
Layer  all
$EndPAD
$EndMODULE  K

$MODULE "R9"
reference "R9"
value "4K7"
footprint "SM0805"
attribut smd
position  5.490000  3.620000
orientation  180.00
layer component
$SHAPE3D
Na "smd/chip_cms.wrl"
Sc 0.100000 0.100000 0.100000
Of 0.000000 0.000000 0.000000
Ro 0.000000 0.000000 0.000000
$EndSHAPE3D
$PAD "1"
position -0.037500  0.000000
size  0.035000  0.055000
drill  0.000000
shape_offset  0.000000  0.000000
orientation  0.00
Shape  Rect
Layer  component
$EndPAD
$PAD "2"
position  0.037500  0.000000
size  0.035000  0.055000
drill  0.000000
shape_offset  0.000000  0.000000
orientation  0.00
Shape  Rect
Layer  component
$EndPAD
$EndMODULE  R

$MODULE "R1"
reference "R1"
value "2K2"
footprint "SM0805"
attribut smd
position  4.675000  3.425000
orientation  180.00
layer component
$SHAPE3D
Na "smd/chip_cms.wrl"
Sc 0.100000 0.100000 0.100000
Of 0.000000 0.000000 0.000000
Ro 0.000000 0.000000 0.000000
$EndSHAPE3D
$PAD "1"
position -0.037500  0.000000
size  0.035000  0.055000
drill  0.000000
shape_offset  0.000000  0.000000
orientation  0.00
Shape  Rect
Layer  component
$EndPAD
$PAD "2"
position  0.037500  0.000000
size  0.035000  0.055000
drill  0.000000
shape_offset  0.000000  0.000000
orientation  0.00
Shape  Rect
Layer  component
$EndPAD
$EndMODULE  R

$MODULE "R2"
reference "R2"
value "2K2"
footprint "SM0805"
attribut smd
position  5.000000  3.765000
orientation  180.00
layer component
$SHAPE3D
Na "smd/chip_cms.wrl"
Sc 0.100000 0.100000 0.100000
Of 0.000000 0.000000 0.000000
Ro 0.000000 0.000000 0.000000
$EndSHAPE3D
$PAD "1"
position -0.037500  0.000000
size  0.035000  0.055000
drill  0.000000
shape_offset  0.000000  0.000000
orientation  0.00
Shape  Rect
Layer  component
$EndPAD
$PAD "2"
position  0.037500  0.000000
size  0.035000  0.055000
drill  0.000000
shape_offset  0.000000  0.000000
orientation  0.00
Shape  Rect
Layer  component
$EndPAD
$EndMODULE  R

$MODULE "R3"
reference "R3"
value "470"
footprint "SM0805"
attribut smd
position  5.000000  3.895000
orientation  0.00
layer component
$SHAPE3D
Na "smd/chip_cms.wrl"
Sc 0.100000 0.100000 0.100000
Of 0.000000 0.000000 0.000000
Ro 0.000000 0.000000 0.000000
$EndSHAPE3D
$PAD "1"
position -0.037500  0.000000
size  0.035000  0.055000
drill  0.000000
shape_offset  0.000000  0.000000
orientation  0.00
Shape  Rect
Layer  component
$EndPAD
$PAD "2"
position  0.037500  0.000000
size  0.035000  0.055000
drill  0.000000
shape_offset  0.000000  0.000000
orientation  0.00
Shape  Rect
Layer  component
$EndPAD
$EndMODULE  R

$MODULE "R4"
reference "R4"
value "470"
footprint "SM0805"
attribut smd
position  5.080000  4.055000
orientation  180.00
layer component
$SHAPE3D
Na "smd/chip_cms.wrl"
Sc 0.100000 0.100000 0.100000
Of 0.000000 0.000000 0.000000
Ro 0.000000 0.000000 0.000000
$EndSHAPE3D
$PAD "1"
position -0.037500  0.000000
size  0.035000  0.055000
drill  0.000000
shape_offset  0.000000  0.000000
orientation  0.00
Shape  Rect
Layer  component
$EndPAD
$PAD "2"
position  0.037500  0.000000
size  0.035000  0.055000
drill  0.000000
shape_offset  0.000000  0.000000
orientation  0.00
Shape  Rect
Layer  component
$EndPAD
$EndMODULE  R

$MODULE "R5"
reference "R5"
value "10K"
footprint "SM0805"
attribut smd
position  6.175000  4.185000
orientation  270.00
layer component
$SHAPE3D
Na "smd/chip_cms.wrl"
Sc 0.100000 0.100000 0.100000
Of 0.000000 0.000000 0.000000
Ro 0.000000 0.000000 0.000000
$EndSHAPE3D
$PAD "1"
position -0.037500  0.000000
size  0.035000  0.055000
drill  0.000000
shape_offset  0.000000  0.000000
orientation  0.00
Shape  Rect
Layer  component
$EndPAD
$PAD "2"
position  0.037500  0.000000
size  0.035000  0.055000
drill  0.000000
shape_offset  0.000000  0.000000
orientation  0.00
Shape  Rect
Layer  component
$EndPAD
$EndMODULE  R

$MODULE "R6"
reference "R6"
value "470"
footprint "SM0805"
attribut smd
position  5.900000  3.100000
orientation  90.00
layer copper
$SHAPE3D
Na "smd/chip_cms.wrl"
Sc 0.100000 0.100000 0.100000
Of 0.000000 0.000000 0.000000
Ro 0.000000 0.000000 0.000000
$EndSHAPE3D
$PAD "1"
position -0.037500  0.000000
size  0.035000  0.055000
drill  0.000000
shape_offset  0.000000  0.000000
orientation  0.00
Shape  Rect
Layer  copper
$EndPAD
$PAD "2"
position  0.037500  0.000000
size  0.035000  0.055000
drill  0.000000
shape_offset  0.000000  0.000000
orientation  0.00
Shape  Rect
Layer  copper
$EndPAD
$EndMODULE  R

$MODULE "R10"
reference "R10"
value "470"
footprint "SM0805"
attribut smd
position  5.150000  3.125000
orientation  90.00
layer copper
$SHAPE3D
Na "smd/chip_cms.wrl"
Sc 0.100000 0.100000 0.100000
Of 0.000000 0.000000 0.000000
Ro 0.000000 0.000000 0.000000
$EndSHAPE3D
$PAD "1"
position -0.037500  0.000000
size  0.035000  0.055000
drill  0.000000
shape_offset  0.000000  0.000000
orientation  0.00
Shape  Rect
Layer  copper
$EndPAD
$PAD "2"
position  0.037500  0.000000
size  0.035000  0.055000
drill  0.000000
shape_offset  0.000000  0.000000
orientation  0.00
Shape  Rect
Layer  copper
$EndPAD
$EndMODULE  R

$MODULE "R19"
reference "R19"
value "100"
footprint "SM0805"
attribut smd
position  5.300000  5.100000
orientation  0.00
layer copper
$SHAPE3D
Na "smd/chip_cms.wrl"
Sc 0.100000 0.100000 0.100000
Of 0.000000 0.000000 0.000000
Ro 0.000000 0.000000 0.000000
$EndSHAPE3D
$PAD "1"
position -0.037500  0.000000
size  0.035000  0.055000
drill  0.000000
shape_offset  0.000000  0.000000
orientation  0.00
Shape  Rect
Layer  copper
$EndPAD
$PAD "2"
position  0.037500  0.000000
size  0.035000  0.055000
drill  0.000000
shape_offset  0.000000  0.000000
orientation  0.00
Shape  Rect
Layer  copper
$EndPAD
$EndMODULE  R

$MODULE "R8"
reference "R8"
value "4K7"
footprint "SM0805"
attribut smd
position  5.835000  3.645000
orientation  90.00
layer component
$SHAPE3D
Na "smd/chip_cms.wrl"
Sc 0.100000 0.100000 0.100000
Of 0.000000 0.000000 0.000000
Ro 0.000000 0.000000 0.000000
$EndSHAPE3D
$PAD "1"
position -0.037500  0.000000
size  0.035000  0.055000
drill  0.000000
shape_offset  0.000000  0.000000
orientation  0.00
Shape  Rect
Layer  component
$EndPAD
$PAD "2"
position  0.037500  0.000000
size  0.035000  0.055000
drill  0.000000
shape_offset  0.000000  0.000000
orientation  0.00
Shape  Rect
Layer  component
$EndPAD
$EndMODULE  R

$MODULE "R11"
reference "R11"
value "4K7"
footprint "SM0805"
attribut smd
position  5.070000  3.615000
orientation  180.00
layer component
$SHAPE3D
Na "smd/chip_cms.wrl"
Sc 0.100000 0.100000 0.100000
Of 0.000000 0.000000 0.000000
Ro 0.000000 0.000000 0.000000
$EndSHAPE3D
$PAD "1"
position -0.037500  0.000000
size  0.035000  0.055000
drill  0.000000
shape_offset  0.000000  0.000000
orientation  0.00
Shape  Rect
Layer  component
$EndPAD
$PAD "2"
position  0.037500  0.000000
size  0.035000  0.055000
drill  0.000000
shape_offset  0.000000  0.000000
orientation  0.00
Shape  Rect
Layer  component
$EndPAD
$EndMODULE  R

$MODULE "R22"
reference "R22"
value "1K"
footprint "SM0805"
attribut smd
position  5.155000  4.790000
orientation  0.00
layer copper
$SHAPE3D
Na "smd/chip_cms.wrl"
Sc 0.100000 0.100000 0.100000
Of 0.000000 0.000000 0.000000
Ro 0.000000 0.000000 0.000000
$EndSHAPE3D
$PAD "1"
position -0.037500  0.000000
size  0.035000  0.055000
drill  0.000000
shape_offset  0.000000  0.000000
orientation  0.00
Shape  Rect
Layer  copper
$EndPAD
$PAD "2"
position  0.037500  0.000000
size  0.035000  0.055000
drill  0.000000
shape_offset  0.000000  0.000000
orientation  0.00
Shape  Rect
Layer  copper
$EndPAD
$EndMODULE  R

$MODULE "R7"
reference "R7"
value "470"
footprint "SM0805"
attribut smd
position  5.525000  3.125000
orientation  90.00
layer copper
$SHAPE3D
Na "smd/chip_cms.wrl"
Sc 0.100000 0.100000 0.100000
Of 0.000000 0.000000 0.000000
Ro 0.000000 0.000000 0.000000
$EndSHAPE3D
$PAD "1"
position -0.037500  0.000000
size  0.035000  0.055000
drill  0.000000
shape_offset  0.000000  0.000000
orientation  0.00
Shape  Rect
Layer  copper
$EndPAD
$PAD "2"
position  0.037500  0.000000
size  0.035000  0.055000
drill  0.000000
shape_offset  0.000000  0.000000
orientation  0.00
Shape  Rect
Layer  copper
$EndPAD
$EndMODULE  R

$MODULE "C7"
reference "C7"
value "100nF"
footprint "SM1206"
attribut smd
position  7.275000  3.600000
orientation  90.00
layer copper
$SHAPE3D
Na "smd/chip_cms.wrl"
Sc 0.170000 0.160000 0.160000
Of 0.000000 0.000000 0.000000
Ro 0.000000 0.000000 0.000000
$EndSHAPE3D
$PAD "1"
position -0.065000  0.000000
size  0.060000  0.080000
drill  0.000000
shape_offset  0.000000  0.000000
orientation  0.00
Shape  Rect
Layer  copper
$EndPAD
$PAD "2"
position  0.065000  0.000000
size  0.060000  0.080000
drill  0.000000
shape_offset  0.000000  0.000000
orientation  0.00
Shape  Rect
Layer  copper
$EndPAD
$EndMODULE  C

$MODULE "C12"
reference "C12"
value "33nF"
footprint "SM1206"
attribut smd
position  5.050000  4.350000
orientation  270.00
layer component
$SHAPE3D
Na "smd/chip_cms.wrl"
Sc 0.170000 0.160000 0.160000
Of 0.000000 0.000000 0.000000
Ro 0.000000 0.000000 0.000000
$EndSHAPE3D
$PAD "1"
position -0.065000  0.000000
size  0.060000  0.080000
drill  0.000000
shape_offset  0.000000  0.000000
orientation  0.00
Shape  Rect
Layer  component
$EndPAD
$PAD "2"
position  0.065000  0.000000
size  0.060000  0.080000
drill  0.000000
shape_offset  0.000000  0.000000
orientation  0.00
Shape  Rect
Layer  component
$EndPAD
$EndMODULE  C

$MODULE "C11"
reference "C11"
value "33nF"
footprint "SM1206"
attribut smd
position  4.745000  4.790000
orientation  180.00
layer copper
$SHAPE3D
Na "smd/chip_cms.wrl"
Sc 0.170000 0.160000 0.160000
Of 0.000000 0.000000 0.000000
Ro 0.000000 0.000000 0.000000
$EndSHAPE3D
$PAD "1"
position -0.065000  0.000000
size  0.060000  0.080000
drill  0.000000
shape_offset  0.000000  0.000000
orientation  0.00
Shape  Rect
Layer  copper
$EndPAD
$PAD "2"
position  0.065000  0.000000
size  0.060000  0.080000
drill  0.000000
shape_offset  0.000000  0.000000
orientation  0.00
Shape  Rect
Layer  copper
$EndPAD
$EndMODULE  C

$MODULE "C10"
reference "C10"
value "33nF"
footprint "SM1206"
attribut smd
position  5.100000  4.575000
orientation  180.00
layer component
$SHAPE3D
Na "smd/chip_cms.wrl"
Sc 0.170000 0.160000 0.160000
Of 0.000000 0.000000 0.000000
Ro 0.000000 0.000000 0.000000
$EndSHAPE3D
$PAD "1"
position -0.065000  0.000000
size  0.060000  0.080000
drill  0.000000
shape_offset  0.000000  0.000000
orientation  0.00
Shape  Rect
Layer  component
$EndPAD
$PAD "2"
position  0.065000  0.000000
size  0.060000  0.080000
drill  0.000000
shape_offset  0.000000  0.000000
orientation  0.00
Shape  Rect
Layer  component
$EndPAD
$EndMODULE  C

$MODULE "C9"
reference "C9"
value "100nF"
footprint "SM1206"
attribut smd
position  6.775000  4.900000
orientation  180.00
layer component
$SHAPE3D
Na "smd/chip_cms.wrl"
Sc 0.170000 0.160000 0.160000
Of 0.000000 0.000000 0.000000
Ro 0.000000 0.000000 0.000000
$EndSHAPE3D
$PAD "1"
position -0.065000  0.000000
size  0.060000  0.080000
drill  0.000000
shape_offset  0.000000  0.000000
orientation  0.00
Shape  Rect
Layer  component
$EndPAD
$PAD "2"
position  0.065000  0.000000
size  0.060000  0.080000
drill  0.000000
shape_offset  0.000000  0.000000
orientation  0.00
Shape  Rect
Layer  component
$EndPAD
$EndMODULE  C

$MODULE "C3"
reference "C3"
value "100nF"
footprint "SM1206"
attribut smd
position  6.540000  3.450000
orientation  90.00
layer copper
$SHAPE3D
Na "smd/chip_cms.wrl"
Sc 0.170000 0.160000 0.160000
Of 0.000000 0.000000 0.000000
Ro 0.000000 0.000000 0.000000
$EndSHAPE3D
$PAD "1"
position -0.065000  0.000000
size  0.060000  0.080000
drill  0.000000
shape_offset  0.000000  0.000000
orientation  0.00
Shape  Rect
Layer  copper
$EndPAD
$PAD "2"
position  0.065000  0.000000
size  0.060000  0.080000
drill  0.000000
shape_offset  0.000000  0.000000
orientation  0.00
Shape  Rect
Layer  copper
$EndPAD
$EndMODULE  C

$MODULE "C1"
reference "C1"
value "100nF"
footprint "SM1206"
attribut smd
position  7.250000  3.400000
orientation  180.00
layer copper
$SHAPE3D
Na "smd/chip_cms.wrl"
Sc 0.170000 0.160000 0.160000
Of 0.000000 0.000000 0.000000
Ro 0.000000 0.000000 0.000000
$EndSHAPE3D
$PAD "1"
position -0.065000  0.000000
size  0.060000  0.080000
drill  0.000000
shape_offset  0.000000  0.000000
orientation  0.00
Shape  Rect
Layer  copper
$EndPAD
$PAD "2"
position  0.065000  0.000000
size  0.060000  0.080000
drill  0.000000
shape_offset  0.000000  0.000000
orientation  0.00
Shape  Rect
Layer  copper
$EndPAD
$EndMODULE  C

$MODULE "C4"
reference "C4"
value "100nF"
footprint "SM1206"
attribut smd
position  6.355000  3.450000
orientation  270.00
layer copper
$SHAPE3D
Na "smd/chip_cms.wrl"
Sc 0.170000 0.160000 0.160000
Of 0.000000 0.000000 0.000000
Ro 0.000000 0.000000 0.000000
$EndSHAPE3D
$PAD "1"
position -0.065000  0.000000
size  0.060000  0.080000
drill  0.000000
shape_offset  0.000000  0.000000
orientation  0.00
Shape  Rect
Layer  copper
$EndPAD
$PAD "2"
position  0.065000  0.000000
size  0.060000  0.080000
drill  0.000000
shape_offset  0.000000  0.000000
orientation  0.00
Shape  Rect
Layer  copper
$EndPAD
$EndMODULE  C

$MODULE "D5"
reference "D5"
value "LED_5V"
footprint "SM1206POL"
attribut smd
position  4.750000  3.825000
orientation  180.00
layer component
$SHAPE3D
Na "smd/chip_cms_pol.wrl"
Sc 0.170000 0.160000 0.160000
Of 0.000000 0.000000 0.000000
Ro 0.000000 0.000000 0.000000
$EndSHAPE3D
$PAD "1"
position -0.065000  0.000000
size  0.060000  0.080000
drill  0.000000
shape_offset  0.000000  0.000000
orientation  0.00
Shape  Rect
Layer  component
$EndPAD
$PAD "2"
position  0.065000  0.000000
size  0.060000  0.080000
drill  0.000000
shape_offset  0.000000  0.000000
orientation  0.00
Shape  Rect
Layer  component
$EndPAD
$EndMODULE  D

$MODULE "D4"
reference "D4"
value "+12"
footprint "SM1206POL"
attribut smd
position  4.750000  3.700000
orientation  0.00
layer component
$SHAPE3D
Na "smd/chip_cms_pol.wrl"
Sc 0.170000 0.160000 0.160000
Of 0.000000 0.000000 0.000000
Ro 0.000000 0.000000 0.000000
$EndSHAPE3D
$PAD "1"
position -0.065000  0.000000
size  0.060000  0.080000
drill  0.000000
shape_offset  0.000000  0.000000
orientation  0.00
Shape  Rect
Layer  component
$EndPAD
$PAD "2"
position  0.065000  0.000000
size  0.060000  0.080000
drill  0.000000
shape_offset  0.000000  0.000000
orientation  0.00
Shape  Rect
Layer  component
$EndPAD
$EndMODULE  D

$MODULE "D3"
reference "D3"
value "-12"
footprint "SM1206POL"
attribut smd
position  4.750000  3.575000
orientation  0.00
layer component
$SHAPE3D
Na "smd/chip_cms_pol.wrl"
Sc 0.170000 0.160000 0.160000
Of 0.000000 0.000000 0.000000
Ro 0.000000 0.000000 0.000000
$EndSHAPE3D
$PAD "1"
position -0.065000  0.000000
size  0.060000  0.080000
drill  0.000000
shape_offset  0.000000  0.000000
orientation  0.00
Shape  Rect
Layer  component
$EndPAD
$PAD "2"
position  0.065000  0.000000
size  0.060000  0.080000
drill  0.000000
shape_offset  0.000000  0.000000
orientation  0.00
Shape  Rect
Layer  component
$EndPAD
$EndMODULE  D

$MODULE "D6"
reference "D6"
value "LED"
footprint "SM1206POL"
attribut smd
position  4.750000  3.950000
orientation  0.00
layer component
$SHAPE3D
Na "smd/chip_cms_pol.wrl"
Sc 0.170000 0.160000 0.160000
Of 0.000000 0.000000 0.000000
Ro 0.000000 0.000000 0.000000
$EndSHAPE3D
$PAD "1"
position -0.065000  0.000000
size  0.060000  0.080000
drill  0.000000
shape_offset  0.000000  0.000000
orientation  0.00
Shape  Rect
Layer  component
$EndPAD
$PAD "2"
position  0.065000  0.000000
size  0.060000  0.080000
drill  0.000000
shape_offset  0.000000  0.000000
orientation  0.00
Shape  Rect
Layer  component
$EndPAD
$EndMODULE  D

$MODULE "Q1"
reference "Q1"
value "NPN"
footprint "SOT23EBC"
attribut smd
position  5.250000  4.975000
orientation  90.00
layer copper
$SHAPE3D
Na "smd/cms_sot23.wrl"
Sc 0.130000 0.150000 0.150000
Of 0.000000 0.000000 0.000000
Ro 0.000000 0.000000 0.000000
$EndSHAPE3D
$PAD "1"
position -0.035000  0.040000
size  0.036000  0.036000
drill  0.000000
shape_offset  0.000000  0.000000
orientation  0.00
Shape  Rect
Layer  copper
$EndPAD
$PAD "2"
position  0.035000  0.040000
size  0.036000  0.036000
drill  0.000000
shape_offset  0.000000  0.000000
orientation  0.00
Shape  Rect
Layer  copper
$EndPAD
$PAD "3"
position  0.000000 -0.040000
size  0.036000  0.036000
drill  0.000000
shape_offset  0.000000  0.000000
orientation  0.00
Shape  Rect
Layer  copper
$EndPAD
$EndMODULE  Q

$MODULE "P5"
reference "P5"
value "+-10V"
footprint "connect-CLAMP-02"
attribut virtual
position  5.000000  5.200000
orientation  0.00
layer component
$SHAPE3D
Na "device/bornier_2.wrl"
Sc 1.000000 1.000000 1.000000
Of 0.000000 0.000000 0.000000
Ro 0.000000 0.000000 0.000000
$EndSHAPE3D
$PAD "1"
position -0.100000  0.000000
size  0.090000  0.180000
drill  0.050000
shape_offset  0.000000  0.000000
orientation  0.00
Shape  Circ
Layer  all
$EndPAD
$PAD "2"
position  0.100000  0.000000
size  0.090000  0.180000
drill  0.050000
shape_offset  0.000000  0.000000
orientation  0.00
Shape  Circ
Layer  all
$EndPAD
$EndMODULE  P

$MODULE "U7"
reference "U7"
value "74HC14"
footprint "14DIP-ELL300"
attribut none
position  5.575000  4.350000
orientation  0.00
layer component
$SHAPE3D
Na "dil/dil_14.wrl"
Sc 1.000000 1.000000 1.000000
Of 0.000000 0.000000 0.000000
Ro 0.000000 0.000000 0.000000
$EndSHAPE3D
$PAD "1"
position -0.300000  0.150000
size  0.062000  0.090000
drill  0.032000
shape_offset  0.000000  0.000000
orientation  0.00
Shape  Rect
Layer  all
$EndPAD
$PAD "2"
position -0.200000  0.150000
size  0.062000  0.090000
drill  0.032000
shape_offset  0.000000  0.000000
orientation  0.00
Shape  Oval
Layer  all
$EndPAD
$PAD "3"
position -0.100000  0.150000
size  0.062000  0.090000
drill  0.032000
shape_offset  0.000000  0.000000
orientation  0.00
Shape  Oval
Layer  all
$EndPAD
$PAD "4"
position  0.000000  0.150000
size  0.062000  0.090000
drill  0.032000
shape_offset  0.000000  0.000000
orientation  0.00
Shape  Oval
Layer  all
$EndPAD
$PAD "5"
position  0.100000  0.150000
size  0.062000  0.090000
drill  0.032000
shape_offset  0.000000  0.000000
orientation  0.00
Shape  Oval
Layer  all
$EndPAD
$PAD "6"
position  0.200000  0.150000
size  0.062000  0.090000
drill  0.032000
shape_offset  0.000000  0.000000
orientation  0.00
Shape  Oval
Layer  all
$EndPAD
$PAD "7"
position  0.300000  0.150000
size  0.062000  0.090000
drill  0.032000
shape_offset  0.000000  0.000000
orientation  0.00
Shape  Oval
Layer  all
$EndPAD
$PAD "8"
position  0.300000 -0.150000
size  0.062000  0.090000
drill  0.032000
shape_offset  0.000000  0.000000
orientation  0.00
Shape  Oval
Layer  all
$EndPAD
$PAD "9"
position  0.200000 -0.150000
size  0.062000  0.090000
drill  0.032000
shape_offset  0.000000  0.000000
orientation  0.00
Shape  Oval
Layer  all
$EndPAD
$PAD "10"
position  0.100000 -0.150000
size  0.062000  0.090000
drill  0.032000
shape_offset  0.000000  0.000000
orientation  0.00
Shape  Oval
Layer  all
$EndPAD
$PAD "11"
position  0.000000 -0.150000
size  0.062000  0.090000
drill  0.032000
shape_offset  0.000000  0.000000
orientation  0.00
Shape  Oval
Layer  all
$EndPAD
$PAD "12"
position -0.100000 -0.150000
size  0.062000  0.090000
drill  0.032000
shape_offset  0.000000  0.000000
orientation  0.00
Shape  Oval
Layer  all
$EndPAD
$PAD "13"
position -0.200000 -0.150000
size  0.062000  0.090000
drill  0.032000
shape_offset  0.000000  0.000000
orientation  0.00
Shape  Oval
Layer  all
$EndPAD
$PAD "14"
position -0.300000 -0.150000
size  0.062000  0.090000
drill  0.032000
shape_offset  0.000000  0.000000
orientation  0.00
Shape  Oval
Layer  all
$EndPAD
$EndMODULE  U

$MODULE "C8"
reference "C8"
value "10uF-0405"
footprint "-153CLV-0405"
attribut smd
position  7.175000  3.600000
orientation  270.00
layer component
$PAD "+"
position  0.070800  0.000000
size  0.102300  0.062900
drill  0.000000
shape_offset  0.000000  0.000000
orientation  0.00
Shape  Rect
Layer  component
$EndPAD
$PAD "-"
position -0.070800  0.000000
size  0.102300  0.062900
drill  0.000000
shape_offset  0.000000  0.000000
orientation  0.00
Shape  Rect
Layer  component
$EndPAD
$EndMODULE  C

$MODULE "U1"
reference "U1"
value "7805"
footprint "LM78xx_Vert_Rad"
attribut none
position  7.400000  3.550000
orientation  0.00
layer component
$SHAPE3D
Na "discret/to220_vert.wrl"
Sc 1.000000 1.000000 1.000000
Of 0.000000 0.000000 0.000000
Ro 0.000000 0.000000 0.000000
$EndSHAPE3D
$PAD "VI"
position  0.000000 -0.100000
size  0.070000  0.070000
drill  0.040000
shape_offset  0.000000  0.000000
orientation  0.00
Shape  Rect
Layer  all
$EndPAD
$PAD "GND"
position  0.000000  0.000000
size  0.070000  0.070000
drill  0.040000
shape_offset  0.000000  0.000000
orientation  0.00
Shape  Rect
Layer  all
$EndPAD
$PAD "VO"
position  0.000000  0.100000
size  0.070000  0.070000
drill  0.040000
shape_offset  0.000000  0.000000
orientation  0.00
Shape  Rect
Layer  all
$EndPAD
$EndMODULE  U

$MODULE "U2"
reference "U2"
value "dsPIC30F4012"
footprint "SO28"
attribut smd
position  6.585000  4.180000
orientation  0.00
layer component
$SHAPE3D
Na "smd/cms_soj28.wrl"
Sc 0.500000 0.550000 0.500000
Of 0.000000 0.000000 0.000000
Ro 0.000000 0.000000 0.000000
$EndSHAPE3D
$PAD "1"
position -0.325000  0.180000
size  0.020000  0.050000
drill  0.000000
shape_offset  0.000000  0.000000
orientation  0.00
Shape  Rect
Layer  component
$EndPAD
$PAD "2"
position -0.275000  0.180000
size  0.020000  0.050000
drill  0.000000
shape_offset  0.000000  0.000000
orientation  0.00
Shape  Rect
Layer  component
$EndPAD
$PAD "3"
position -0.225000  0.180000
size  0.020000  0.050000
drill  0.000000
shape_offset  0.000000  0.000000
orientation  0.00
Shape  Rect
Layer  component
$EndPAD
$PAD "4"
position -0.175000  0.180000
size  0.020000  0.050000
drill  0.000000
shape_offset  0.000000  0.000000
orientation  0.00
Shape  Rect
Layer  component
$EndPAD
$PAD "5"
position -0.125000  0.180000
size  0.020000  0.050000
drill  0.000000
shape_offset  0.000000  0.000000
orientation  0.00
Shape  Rect
Layer  component
$EndPAD
$PAD "6"
position -0.075000  0.180000
size  0.020000  0.050000
drill  0.000000
shape_offset  0.000000  0.000000
orientation  0.00
Shape  Rect
Layer  component
$EndPAD
$PAD "7"
position -0.025000  0.180000
size  0.020000  0.050000
drill  0.000000
shape_offset  0.000000  0.000000
orientation  0.00
Shape  Rect
Layer  component
$EndPAD
$PAD "8"
position  0.025000  0.180000
size  0.020000  0.050000
drill  0.000000
shape_offset  0.000000  0.000000
orientation  0.00
Shape  Rect
Layer  component
$EndPAD
$PAD "9"
position  0.075000  0.180000
size  0.020000  0.050000
drill  0.000000
shape_offset  0.000000  0.000000
orientation  0.00
Shape  Rect
Layer  component
$EndPAD
$PAD "10"
position  0.125000  0.180000
size  0.020000  0.050000
drill  0.000000
shape_offset  0.000000  0.000000
orientation  0.00
Shape  Rect
Layer  component
$EndPAD
$PAD "11"
position  0.175000  0.180000
size  0.020000  0.050000
drill  0.000000
shape_offset  0.000000  0.000000
orientation  0.00
Shape  Rect
Layer  component
$EndPAD
$PAD "12"
position  0.225000  0.180000
size  0.020000  0.050000
drill  0.000000
shape_offset  0.000000  0.000000
orientation  0.00
Shape  Rect
Layer  component
$EndPAD
$PAD "13"
position  0.275000  0.180000
size  0.020000  0.050000
drill  0.000000
shape_offset  0.000000  0.000000
orientation  0.00
Shape  Rect
Layer  component
$EndPAD
$PAD "14"
position  0.325000  0.180000
size  0.020000  0.050000
drill  0.000000
shape_offset  0.000000  0.000000
orientation  0.00
Shape  Rect
Layer  component
$EndPAD
$PAD "15"
position  0.325000 -0.180000
size  0.020000  0.050000
drill  0.000000
shape_offset  0.000000  0.000000
orientation  0.00
Shape  Rect
Layer  component
$EndPAD
$PAD "16"
position  0.275000 -0.180000
size  0.020000  0.050000
drill  0.000000
shape_offset  0.000000  0.000000
orientation  0.00
Shape  Rect
Layer  component
$EndPAD
$PAD "17"
position  0.225000 -0.180000
size  0.020000  0.050000
drill  0.000000
shape_offset  0.000000  0.000000
orientation  0.00
Shape  Rect
Layer  component
$EndPAD
$PAD "18"
position  0.175000 -0.180000
size  0.020000  0.050000
drill  0.000000
shape_offset  0.000000  0.000000
orientation  0.00
Shape  Rect
Layer  component
$EndPAD
$PAD "19"
position  0.125000 -0.180000
size  0.020000  0.050000
drill  0.000000
shape_offset  0.000000  0.000000
orientation  0.00
Shape  Rect
Layer  component
$EndPAD
$PAD "20"
position  0.075000 -0.180000
size  0.020000  0.050000
drill  0.000000
shape_offset  0.000000  0.000000
orientation  0.00
Shape  Rect
Layer  component
$EndPAD
$PAD "21"
position  0.025000 -0.180000
size  0.020000  0.050000
drill  0.000000
shape_offset  0.000000  0.000000
orientation  0.00
Shape  Rect
Layer  component
$EndPAD
$PAD "22"
position -0.025000 -0.180000
size  0.020000  0.050000
drill  0.000000
shape_offset  0.000000  0.000000
orientation  0.00
Shape  Rect
Layer  component
$EndPAD
$PAD "23"
position -0.075000 -0.180000
size  0.020000  0.050000
drill  0.000000
shape_offset  0.000000  0.000000
orientation  0.00
Shape  Rect
Layer  component
$EndPAD
$PAD "24"
position -0.125000 -0.180000
size  0.020000  0.050000
drill  0.000000
shape_offset  0.000000  0.000000
orientation  0.00
Shape  Rect
Layer  component
$EndPAD
$PAD "25"
position -0.175000 -0.180000
size  0.020000  0.050000
drill  0.000000
shape_offset  0.000000  0.000000
orientation  0.00
Shape  Rect
Layer  component
$EndPAD
$PAD "26"
position -0.225000 -0.180000
size  0.020000  0.050000
drill  0.000000
shape_offset  0.000000  0.000000
orientation  0.00
Shape  Rect
Layer  component
$EndPAD
$PAD "27"
position -0.275000 -0.180000
size  0.020000  0.050000
drill  0.000000
shape_offset  0.000000  0.000000
orientation  0.00
Shape  Rect
Layer  component
$EndPAD
$PAD "28"
position -0.325000 -0.180000
size  0.020000  0.050000
drill  0.000000
shape_offset  0.000000  0.000000
orientation  0.00
Shape  Rect
Layer  component
$EndPAD
$EndMODULE  U

$MODULE "P3"
reference "P3"
value "COM_PORT"
footprint "connect-LH-10"
attribut virtual
position  7.450000  4.325000
orientation  270.00
layer component
$SHAPE3D
Na "connectors/header_sockets/header_5x2.wrl"
Sc 1.000000 1.000000 1.000000
Of 0.000000 0.000000 0.000000
Ro 0.000000 0.000000 0.000000
$EndSHAPE3D
$PAD "1"
position -0.200000  0.050000
size  0.060000  0.060000
drill  0.039300
shape_offset  0.000000  0.000000
orientation  0.00
Shape  Rect
Layer  all
$EndPAD
$PAD "2"
position -0.200000 -0.050000
size  0.060000  0.060000
drill  0.039300
shape_offset  0.000000  0.000000
orientation  0.00
Shape  Rect
Layer  all
$EndPAD
$PAD "3"
position -0.100000  0.050000
size  0.060000  0.060000
drill  0.039300
shape_offset  0.000000  0.000000
orientation  0.00
Shape  Rect
Layer  all
$EndPAD
$PAD "4"
position -0.100000 -0.050000
size  0.060000  0.060000
drill  0.039300
shape_offset  0.000000  0.000000
orientation  0.00
Shape  Rect
Layer  all
$EndPAD
$PAD "5"
position  0.000000  0.050000
size  0.060000  0.060000
drill  0.039300
shape_offset  0.000000  0.000000
orientation  0.00
Shape  Rect
Layer  all
$EndPAD
$PAD "6"
position  0.000000 -0.050000
size  0.060000  0.060000
drill  0.039300
shape_offset  0.000000  0.000000
orientation  0.00
Shape  Rect
Layer  all
$EndPAD
$PAD "7"
position  0.100000  0.050000
size  0.060000  0.060000
drill  0.039300
shape_offset  0.000000  0.000000
orientation  0.00
Shape  Rect
Layer  all
$EndPAD
$PAD "8"
position  0.100000 -0.050000
size  0.060000  0.060000
drill  0.039300
shape_offset  0.000000  0.000000
orientation  0.00
Shape  Rect
Layer  all
$EndPAD
$PAD "9"
position  0.200000  0.050000
size  0.060000  0.060000
drill  0.039300
shape_offset  0.000000  0.000000
orientation  0.00
Shape  Rect
Layer  all
$EndPAD
$PAD "10"
position  0.200000 -0.050000
size  0.060000  0.060000
drill  0.039300
shape_offset  0.000000  0.000000
orientation  0.00
Shape  Rect
Layer  all
$EndPAD
$EndMODULE  P

$MODULE "U8"
reference "U8"
value "LM339D"
footprint "SO14E"
attribut smd
position  7.075000  4.725000
orientation  180.00
layer copper
$SHAPE3D
Na "smd/cms_so14.wrl"
Sc 0.500000 0.300000 0.500000
Of 0.000000 0.000000 0.000000
Ro 0.000000 0.000000 0.000000
$EndSHAPE3D
$PAD "1"
position -0.150000 -0.110000
size  0.020000  0.045000
drill  0.000000
shape_offset  0.000000  0.000000
orientation  0.00
Shape  Rect
Layer  copper
$EndPAD
$PAD "2"
position -0.100000 -0.110000
size  0.020000  0.045000
drill  0.000000
shape_offset  0.000000  0.000000
orientation  0.00
Shape  Rect
Layer  copper
$EndPAD
$PAD "3"
position -0.050000 -0.110000
size  0.020000  0.045000
drill  0.000000
shape_offset  0.000000  0.000000
orientation  0.00
Shape  Rect
Layer  copper
$EndPAD
$PAD "4"
position  0.000000 -0.110000
size  0.020000  0.045000
drill  0.000000
shape_offset  0.000000  0.000000
orientation  0.00
Shape  Rect
Layer  copper
$EndPAD
$PAD "5"
position  0.050000 -0.110000
size  0.020000  0.045000
drill  0.000000
shape_offset  0.000000  0.000000
orientation  0.00
Shape  Rect
Layer  copper
$EndPAD
$PAD "6"
position  0.100000 -0.110000
size  0.020000  0.045000
drill  0.000000
shape_offset  0.000000  0.000000
orientation  0.00
Shape  Rect
Layer  copper
$EndPAD
$PAD "7"
position  0.150000 -0.110000
size  0.020000  0.045000
drill  0.000000
shape_offset  0.000000  0.000000
orientation  0.00
Shape  Rect
Layer  copper
$EndPAD
$PAD "8"
position  0.150000  0.100000
size  0.020000  0.045000
drill  0.000000
shape_offset  0.000000  0.000000
orientation  0.00
Shape  Rect
Layer  copper
$EndPAD
$PAD "9"
position  0.100000  0.100000
size  0.020000  0.045000
drill  0.000000
shape_offset  0.000000  0.000000
orientation  0.00
Shape  Rect
Layer  copper
$EndPAD
$PAD "10"
position  0.050000  0.100000
size  0.020000  0.045000
drill  0.000000
shape_offset  0.000000  0.000000
orientation  0.00
Shape  Rect
Layer  copper
$EndPAD
$PAD "11"
position  0.000000  0.100000
size  0.020000  0.045000
drill  0.000000
shape_offset  0.000000  0.000000
orientation  0.00
Shape  Rect
Layer  copper
$EndPAD
$PAD "12"
position -0.050000  0.100000
size  0.020000  0.045000
drill  0.000000
shape_offset  0.000000  0.000000
orientation  0.00
Shape  Rect
Layer  copper
$EndPAD
$PAD "13"
position -0.100000  0.100000
size  0.020000  0.045000
drill  0.000000
shape_offset  0.000000  0.000000
orientation  0.00
Shape  Rect
Layer  copper
$EndPAD
$PAD "14"
position -0.150000  0.100000
size  0.020000  0.045000
drill  0.000000
shape_offset  0.000000  0.000000
orientation  0.00
Shape  Rect
Layer  copper
$EndPAD
$EndMODULE  U

$MODULE "R23"
reference "R23"
value "1K"
footprint "SM0805"
attribut smd
position  7.000000  4.825000
orientation  0.00
layer component
$SHAPE3D
Na "smd/chip_cms.wrl"
Sc 0.100000 0.100000 0.100000
Of 0.000000 0.000000 0.000000
Ro 0.000000 0.000000 0.000000
$EndSHAPE3D
$PAD "1"
position -0.037500  0.000000
size  0.035000  0.055000
drill  0.000000
shape_offset  0.000000  0.000000
orientation  0.00
Shape  Rect
Layer  component
$EndPAD
$PAD "2"
position  0.037500  0.000000
size  0.035000  0.055000
drill  0.000000
shape_offset  0.000000  0.000000
orientation  0.00
Shape  Rect
Layer  component
$EndPAD
$EndMODULE  R

$MODULE "R24"
reference "R24"
value "1K"
footprint "SM0805"
attribut smd
position  7.000000  4.925000
orientation  180.00
layer component
$SHAPE3D
Na "smd/chip_cms.wrl"
Sc 0.100000 0.100000 0.100000
Of 0.000000 0.000000 0.000000
Ro 0.000000 0.000000 0.000000
$EndSHAPE3D
$PAD "1"
position -0.037500  0.000000
size  0.035000  0.055000
drill  0.000000
shape_offset  0.000000  0.000000
orientation  0.00
Shape  Rect
Layer  component
$EndPAD
$PAD "2"
position  0.037500  0.000000
size  0.035000  0.055000
drill  0.000000
shape_offset  0.000000  0.000000
orientation  0.00
Shape  Rect
Layer  component
$EndPAD
$EndMODULE  R

$MODULE "P6"
reference "P6"
value "InOut"
footprint "connect-CLAMP-04"
attribut virtual
position  5.600000  5.200000
orientation  0.00
layer component
$SHAPE3D
Na "device/bornier_4.wrl"
Sc 1.000000 1.000000 1.000000
Of 0.000000 0.000000 0.000000
Ro 0.000000 0.000000 0.000000
$EndSHAPE3D
$PAD "1"
position -0.300000  0.000000
size  0.090000  0.180000
drill  0.050000
shape_offset  0.000000  0.000000
orientation  0.00
Shape  Circ
Layer  all
$EndPAD
$PAD "2"
position -0.100000  0.000000
size  0.090000  0.180000
drill  0.050000
shape_offset  0.000000  0.000000
orientation  0.00
Shape  Circ
Layer  all
$EndPAD
$PAD "3"
position  0.100000  0.000000
size  0.090000  0.180000
drill  0.050000
shape_offset  0.000000  0.000000
orientation  0.00
Shape  Circ
Layer  all
$EndPAD
$PAD "4"
position  0.300000  0.000000
size  0.090000  0.180000
drill  0.050000
shape_offset  0.000000  0.000000
orientation  0.00
Shape  Circ
Layer  all
$EndPAD
$EndMODULE  P

$MODULE "C2"
reference "C2"
value "100uF-0807"
footprint "-153CLV-0605"
attribut smd
position  6.900000  3.375000
orientation  0.00
layer component
$PAD "+"
position  0.106200  0.000000
size  0.137700  0.062900
drill  0.000000
shape_offset  0.000000  0.000000
orientation  0.00
Shape  Rect
Layer  component
$EndPAD
$PAD "-"
position -0.106200  0.000000
size  0.137700  0.062900
drill  0.000000
shape_offset  0.000000  0.000000
orientation  0.00
Shape  Rect
Layer  component
$EndPAD
$EndMODULE  C

$MODULE "C5"
reference "C5"
value "100uF-0807"
footprint "-153CLV-0605"
attribut smd
position  6.435000  3.505000
orientation  270.00
layer component
$PAD "+"
position  0.106200  0.000000
size  0.137700  0.062900
drill  0.000000
shape_offset  0.000000  0.000000
orientation  0.00
Shape  Rect
Layer  component
$EndPAD
$PAD "-"
position -0.106200  0.000000
size  0.137700  0.062900
drill  0.000000
shape_offset  0.000000  0.000000
orientation  0.00
Shape  Rect
Layer  component
$EndPAD
$EndMODULE  C

$MODULE "C6"
reference "C6"
value "100uF-0807"
footprint "-153CLV-0605"
attribut smd
position  6.055000  3.745000
orientation  180.00
layer component
$PAD "+"
position  0.106200  0.000000
size  0.137700  0.062900
drill  0.000000
shape_offset  0.000000  0.000000
orientation  0.00
Shape  Rect
Layer  component
$EndPAD
$PAD "-"
position -0.106200  0.000000
size  0.137700  0.062900
drill  0.000000
shape_offset  0.000000  0.000000
orientation  0.00
Shape  Rect
Layer  component
$EndPAD
$EndMODULE  C

$MODULE "U3"
reference "U3"
value "6N137"
footprint "8dip300"
attribut none
position  5.905000  3.395000
orientation  180.00
layer component
$SHAPE3D
Na "dil/dil_8.wrl"
Sc 1.000000 1.000000 1.000000
Of 0.000000 0.000000 0.000000
Ro 0.000000 0.000000 0.000000
$EndSHAPE3D
$PAD "1"
position -0.150000  0.150000
size  0.055000  0.055000
drill  0.032000
shape_offset  0.000000  0.000000
orientation  0.00
Shape  Rect
Layer  all
$EndPAD
$PAD "2"
position -0.050000  0.150000
size  0.055000  0.055000
drill  0.032000
shape_offset  0.000000  0.000000
orientation  0.00
Shape  Circ
Layer  all
$EndPAD
$PAD "3"
position  0.050000  0.150000
size  0.055000  0.055000
drill  0.032000
shape_offset  0.000000  0.000000
orientation  0.00
Shape  Circ
Layer  all
$EndPAD
$PAD "4"
position  0.150000  0.150000
size  0.055000  0.055000
drill  0.032000
shape_offset  0.000000  0.000000
orientation  0.00
Shape  Circ
Layer  all
$EndPAD
$PAD "5"
position  0.150000 -0.150000
size  0.055000  0.055000
drill  0.032000
shape_offset  0.000000  0.000000
orientation  0.00
Shape  Circ
Layer  all
$EndPAD
$PAD "6"
position  0.050000 -0.150000
size  0.055000  0.055000
drill  0.032000
shape_offset  0.000000  0.000000
orientation  0.00
Shape  Circ
Layer  all
$EndPAD
$PAD "7"
position -0.050000 -0.150000
size  0.055000  0.055000
drill  0.032000
shape_offset  0.000000  0.000000
orientation  0.00
Shape  Circ
Layer  all
$EndPAD
$PAD "8"
position -0.150000 -0.150000
size  0.055000  0.055000
drill  0.032000
shape_offset  0.000000  0.000000
orientation  0.00
Shape  Circ
Layer  all
$EndPAD
$EndMODULE  U

$MODULE "U4"
reference "U4"
value "6N137"
footprint "8dip300"
attribut none
position  5.490000  3.395000
orientation  180.00
layer component
$SHAPE3D
Na "dil/dil_8.wrl"
Sc 1.000000 1.000000 1.000000
Of 0.000000 0.000000 0.000000
Ro 0.000000 0.000000 0.000000
$EndSHAPE3D
$PAD "1"
position -0.150000  0.150000
size  0.055000  0.055000
drill  0.032000
shape_offset  0.000000  0.000000
orientation  0.00
Shape  Rect
Layer  all
$EndPAD
$PAD "2"
position -0.050000  0.150000
size  0.055000  0.055000
drill  0.032000
shape_offset  0.000000  0.000000
orientation  0.00
Shape  Circ
Layer  all
$EndPAD
$PAD "3"
position  0.050000  0.150000
size  0.055000  0.055000
drill  0.032000
shape_offset  0.000000  0.000000
orientation  0.00
Shape  Circ
Layer  all
$EndPAD
$PAD "4"
position  0.150000  0.150000
size  0.055000  0.055000
drill  0.032000
shape_offset  0.000000  0.000000
orientation  0.00
Shape  Circ
Layer  all
$EndPAD
$PAD "5"
position  0.150000 -0.150000
size  0.055000  0.055000
drill  0.032000
shape_offset  0.000000  0.000000
orientation  0.00
Shape  Circ
Layer  all
$EndPAD
$PAD "6"
position  0.050000 -0.150000
size  0.055000  0.055000
drill  0.032000
shape_offset  0.000000  0.000000
orientation  0.00
Shape  Circ
Layer  all
$EndPAD
$PAD "7"
position -0.050000 -0.150000
size  0.055000  0.055000
drill  0.032000
shape_offset  0.000000  0.000000
orientation  0.00
Shape  Circ
Layer  all
$EndPAD
$PAD "8"
position -0.150000 -0.150000
size  0.055000  0.055000
drill  0.032000
shape_offset  0.000000  0.000000
orientation  0.00
Shape  Circ
Layer  all
$EndPAD
$EndMODULE  U

$MODULE "U5"
reference "U5"
value "6N137"
footprint "8dip300"
attribut none
position  5.080000  3.395000
orientation  180.00
layer component
$SHAPE3D
Na "dil/dil_8.wrl"
Sc 1.000000 1.000000 1.000000
Of 0.000000 0.000000 0.000000
Ro 0.000000 0.000000 0.000000
$EndSHAPE3D
$PAD "1"
position -0.150000  0.150000
size  0.055000  0.055000
drill  0.032000
shape_offset  0.000000  0.000000
orientation  0.00
Shape  Rect
Layer  all
$EndPAD
$PAD "2"
position -0.050000  0.150000
size  0.055000  0.055000
drill  0.032000
shape_offset  0.000000  0.000000
orientation  0.00
Shape  Circ
Layer  all
$EndPAD
$PAD "3"
position  0.050000  0.150000
size  0.055000  0.055000
drill  0.032000
shape_offset  0.000000  0.000000
orientation  0.00
Shape  Circ
Layer  all
$EndPAD
$PAD "4"
position  0.150000  0.150000
size  0.055000  0.055000
drill  0.032000
shape_offset  0.000000  0.000000
orientation  0.00
Shape  Circ
Layer  all
$EndPAD
$PAD "5"
position  0.150000 -0.150000
size  0.055000  0.055000
drill  0.032000
shape_offset  0.000000  0.000000
orientation  0.00
Shape  Circ
Layer  all
$EndPAD
$PAD "6"
position  0.050000 -0.150000
size  0.055000  0.055000
drill  0.032000
shape_offset  0.000000  0.000000
orientation  0.00
Shape  Circ
Layer  all
$EndPAD
$PAD "7"
position -0.050000 -0.150000
size  0.055000  0.055000
drill  0.032000
shape_offset  0.000000  0.000000
orientation  0.00
Shape  Circ
Layer  all
$EndPAD
$PAD "8"
position -0.150000 -0.150000
size  0.055000  0.055000
drill  0.032000
shape_offset  0.000000  0.000000
orientation  0.00
Shape  Circ
Layer  all
$EndPAD
$EndMODULE  U

$MODULE "R12"
reference "R12"
value "1K8"
footprint "R3"
attribut none
position  4.950000  4.300000
orientation  90.00
layer component
$SHAPE3D
Na "discret/resistor.wrl"
Sc 0.300000 0.300000 0.300000
Of 0.000000 0.000000 0.000000
Ro 0.000000 0.000000 0.000000
$EndSHAPE3D
$PAD "1"
position -0.150000  0.000000
size  0.055000  0.055000
drill  0.032000
shape_offset  0.000000  0.000000
orientation  0.00
Shape  Circ
Layer  all
$EndPAD
$PAD "2"
position  0.150000  0.000000
size  0.055000  0.055000
drill  0.032000
shape_offset  0.000000  0.000000
orientation  0.00
Shape  Circ
Layer  all
$EndPAD
$EndMODULE  R

$MODULE "R13"
reference "R13"
value "1K8"
footprint "R3"
attribut none
position  5.040000  4.885000
orientation  0.00
layer component
$SHAPE3D
Na "discret/resistor.wrl"
Sc 0.300000 0.300000 0.300000
Of 0.000000 0.000000 0.000000
Ro 0.000000 0.000000 0.000000
$EndSHAPE3D
$PAD "1"
position -0.150000  0.000000
size  0.055000  0.055000
drill  0.032000
shape_offset  0.000000  0.000000
orientation  0.00
Shape  Circ
Layer  all
$EndPAD
$PAD "2"
position  0.150000  0.000000
size  0.055000  0.055000
drill  0.032000
shape_offset  0.000000  0.000000
orientation  0.00
Shape  Circ
Layer  all
$EndPAD
$EndMODULE  R

$MODULE "R14"
reference "R14"
value "3K8"
footprint "R3"
attribut none
position  4.540000  4.790000
orientation  90.00
layer component
$SHAPE3D
Na "discret/resistor.wrl"
Sc 0.300000 0.300000 0.300000
Of 0.000000 0.000000 0.000000
Ro 0.000000 0.000000 0.000000
$EndSHAPE3D
$PAD "1"
position -0.150000  0.000000
size  0.055000  0.055000
drill  0.032000
shape_offset  0.000000  0.000000
orientation  0.00
Shape  Circ
Layer  all
$EndPAD
$PAD "2"
position  0.150000  0.000000
size  0.055000  0.055000
drill  0.032000
shape_offset  0.000000  0.000000
orientation  0.00
Shape  Circ
Layer  all
$EndPAD
$EndMODULE  R

$MODULE "R15"
reference "R15"
value "3K6"
footprint "R3"
attribut none
position  4.890000  4.675000
orientation  180.00
layer component
$SHAPE3D
Na "discret/resistor.wrl"
Sc 0.300000 0.300000 0.300000
Of 0.000000 0.000000 0.000000
Ro 0.000000 0.000000 0.000000
$EndSHAPE3D
$PAD "1"
position -0.150000  0.000000
size  0.055000  0.055000
drill  0.032000
shape_offset  0.000000  0.000000
orientation  0.00
Shape  Circ
Layer  all
$EndPAD
$PAD "2"
position  0.150000  0.000000
size  0.055000  0.055000
drill  0.032000
shape_offset  0.000000  0.000000
orientation  0.00
Shape  Circ
Layer  all
$EndPAD
$EndMODULE  R

$MODULE "R16"
reference "R16"
value "2K2"
footprint "R3"
attribut none
position  4.700000  4.550000
orientation  180.00
layer component
$SHAPE3D
Na "discret/resistor.wrl"
Sc 0.300000 0.300000 0.300000
Of 0.000000 0.000000 0.000000
Ro 0.000000 0.000000 0.000000
$EndSHAPE3D
$PAD "1"
position -0.150000  0.000000
size  0.055000  0.055000
drill  0.032000
shape_offset  0.000000  0.000000
orientation  0.00
Shape  Circ
Layer  all
$EndPAD
$PAD "2"
position  0.150000  0.000000
size  0.055000  0.055000
drill  0.032000
shape_offset  0.000000  0.000000
orientation  0.00
Shape  Circ
Layer  all
$EndPAD
$EndMODULE  R

$MODULE "R17"
reference "R17"
value "R"
footprint "R3"
attribut none
position  5.600000  4.900000
orientation  0.00
layer component
$SHAPE3D
Na "discret/resistor.wrl"
Sc 0.300000 0.300000 0.300000
Of 0.000000 0.000000 0.000000
Ro 0.000000 0.000000 0.000000
$EndSHAPE3D
$PAD "1"
position -0.150000  0.000000
size  0.055000  0.055000
drill  0.032000
shape_offset  0.000000  0.000000
orientation  0.00
Shape  Circ
Layer  all
$EndPAD
$PAD "2"
position  0.150000  0.000000
size  0.055000  0.055000
drill  0.032000
shape_offset  0.000000  0.000000
orientation  0.00
Shape  Circ
Layer  all
$EndPAD
$EndMODULE  R

$MODULE "R18"
reference "R18"
value "R"
footprint "R3"
attribut none
position  6.000000  4.700000
orientation  270.00
layer component
$SHAPE3D
Na "discret/resistor.wrl"
Sc 0.300000 0.300000 0.300000
Of 0.000000 0.000000 0.000000
Ro 0.000000 0.000000 0.000000
$EndSHAPE3D
$PAD "1"
position -0.150000  0.000000
size  0.055000  0.055000
drill  0.032000
shape_offset  0.000000  0.000000
orientation  0.00
Shape  Circ
Layer  all
$EndPAD
$PAD "2"
position  0.150000  0.000000
size  0.055000  0.055000
drill  0.032000
shape_offset  0.000000  0.000000
orientation  0.00
Shape  Circ
Layer  all
$EndPAD
$EndMODULE  R

$MODULE "R20"
reference "R20"
value "R"
footprint "R3"
attribut none
position  5.265000  4.675000
orientation  0.00
layer component
$SHAPE3D
Na "discret/resistor.wrl"
Sc 0.300000 0.300000 0.300000
Of 0.000000 0.000000 0.000000
Ro 0.000000 0.000000 0.000000
$EndSHAPE3D
$PAD "1"
position -0.150000  0.000000
size  0.055000  0.055000
drill  0.032000
shape_offset  0.000000  0.000000
orientation  0.00
Shape  Circ
Layer  all
$EndPAD
$PAD "2"
position  0.150000  0.000000
size  0.055000  0.055000
drill  0.032000
shape_offset  0.000000  0.000000
orientation  0.00
Shape  Circ
Layer  all
$EndPAD
$EndMODULE  R

$MODULE "R21"
reference "R21"
value "R"
footprint "R3"
attribut none
position  5.500000  4.800000
orientation  0.00
layer component
$SHAPE3D
Na "discret/resistor.wrl"
Sc 0.300000 0.300000 0.300000
Of 0.000000 0.000000 0.000000
Ro 0.000000 0.000000 0.000000
$EndSHAPE3D
$PAD "1"
position -0.150000  0.000000
size  0.055000  0.055000
drill  0.032000
shape_offset  0.000000  0.000000
orientation  0.00
Shape  Circ
Layer  all
$EndPAD
$PAD "2"
position  0.150000  0.000000
size  0.055000  0.055000
drill  0.032000
shape_offset  0.000000  0.000000
orientation  0.00
Shape  Circ
Layer  all
$EndPAD
$EndMODULE  R

$MODULE "P14"
reference "P14"
value "CONN_1"
footprint "connect-PAD-01"
attribut virtual
position  7.120000  5.100000
orientation  0.00
layer component
$PAD "1"
position  0.000000  0.000000
size  0.160000  0.160000
drill  0.120000
shape_offset  0.000000  0.000000
orientation  0.00
Shape  Circ
Layer  all
$EndPAD
$EndMODULE  P

$MODULE "P13"
reference "P13"
value "CONN_1"
footprint "connect-PAD-01"
attribut virtual
position  4.600000  2.975000
orientation  0.00
layer component
$PAD "1"
position  0.000000  0.000000
size  0.160000  0.160000
drill  0.120000
shape_offset  0.000000  0.000000
orientation  0.00
Shape  Circ
Layer  all
$EndPAD
$EndMODULE  P

$MODULE "P12"
reference "P12"
value "CONN_1"
footprint "connect-PAD-01"
attribut virtual
position  4.600000  5.350000
orientation  0.00
layer component
$PAD "1"
position  0.000000  0.000000
size  0.160000  0.160000
drill  0.120000
shape_offset  0.000000  0.000000
orientation  0.00
Shape  Circ
Layer  all
$EndPAD
$EndMODULE  P

$MODULE "P11"
reference "P11"
value "CONN_1"
footprint "connect-PAD-01"
attribut virtual
position  7.450000  2.975000
orientation  0.00
layer component
$PAD "1"
position  0.000000  0.000000
size  0.160000  0.160000
drill  0.120000
shape_offset  0.000000  0.000000
orientation  0.00
Shape  Circ
Layer  all
$EndPAD
$EndMODULE  P

$MODULE "P10"
reference "P10"
value "CONN_1"
footprint "connect-PAD-01"
attribut virtual
position  6.130000  5.100000
orientation  0.00
layer component
$PAD "1"
position  0.000000  0.000000
size  0.160000  0.160000
drill  0.120000
shape_offset  0.000000  0.000000
orientation  0.00
Shape  Circ
Layer  all
$EndPAD
$EndMODULE  P

$MODULE "P15"
reference "P15"
value "CONN_1"
footprint "connect-PAD-01"
attribut virtual
position  7.450000  5.350000
orientation  0.00
layer component
$PAD "1"
position  0.000000  0.000000
size  0.160000  0.160000
drill  0.120000
shape_offset  0.000000  0.000000
orientation  0.00
Shape  Circ
Layer  all
$EndPAD
$EndMODULE  P

$MODULE "R26"
reference "R26"
value "4K7"
footprint "SM0603"
attribut smd
position  7.030000  5.365000
orientation  0.00
layer copper
$SHAPE3D
Na "smd/chip_cms.wrl"
Sc 0.080000 0.080000 0.080000
Of 0.000000 0.000000 0.000000
Ro 0.000000 0.000000 0.000000
$EndSHAPE3D
$PAD "1"
position -0.030000  0.000000
size  0.025000  0.045000
drill  0.000000
shape_offset  0.000000  0.000000
orientation  0.00
Shape  Rect
Layer  copper
$EndPAD
$PAD "2"
position  0.030000  0.000000
size  0.025000  0.045000
drill  0.000000
shape_offset  0.000000  0.000000
orientation  0.00
Shape  Rect
Layer  copper
$EndPAD
$EndMODULE  R

$MODULE "R25"
reference "R25"
value "4K7"
footprint "SM0603"
attribut smd
position  7.035000  5.255000
orientation  0.00
layer copper
$SHAPE3D
Na "smd/chip_cms.wrl"
Sc 0.080000 0.080000 0.080000
Of 0.000000 0.000000 0.000000
Ro 0.000000 0.000000 0.000000
$EndSHAPE3D
$PAD "1"
position -0.030000  0.000000
size  0.025000  0.045000
drill  0.000000
shape_offset  0.000000  0.000000
orientation  0.00
Shape  Rect
Layer  copper
$EndPAD
$PAD "2"
position  0.030000  0.000000
size  0.025000  0.045000
drill  0.000000
shape_offset  0.000000  0.000000
orientation  0.00
Shape  Rect
Layer  copper
$EndPAD
$EndMODULE  R

$MODULE "R27"
reference "R27"
value "4K7"
footprint "SM0603"
attribut smd
position  7.365000  4.655000
orientation  180.00
layer copper
$SHAPE3D
Na "smd/chip_cms.wrl"
Sc 0.080000 0.080000 0.080000
Of 0.000000 0.000000 0.000000
Ro 0.000000 0.000000 0.000000
$EndSHAPE3D
$PAD "1"
position -0.030000  0.000000
size  0.025000  0.045000
drill  0.000000
shape_offset  0.000000  0.000000
orientation  0.00
Shape  Rect
Layer  copper
$EndPAD
$PAD "2"
position  0.030000  0.000000
size  0.025000  0.045000
drill  0.000000
shape_offset  0.000000  0.000000
orientation  0.00
Shape  Rect
Layer  copper
$EndPAD
$EndMODULE  R

$LINE 
$EndLINE 
$LINE 
$EndLINE 
$LINE 
$EndLINE 
$LINE 
$EndLINE 
$EndDESCRIPTION
